Date = Пн мар 11 22:45:05 MSK 2024
Host = cn-030
WorkDir = /home/admitrakova

Number of Nodes Allocated = 1
Number of Tasks Allocated = 4
Numbers of Cores/Task Allocated = 1
Введите размеры матрицы (m, n): 
Введите элементы матрицы (1000, 10000):


Транспанирование матрицы (распараллеливание).
Время выполнения: 0.08113 s
Введите размеры матрицы (m, n): 
Введите элементы матрицы (1000, 10000):


Транспанирование матрицы (распараллеливание).
Время выполнения: 0.08237 s
Введите размеры матрицы (m, n): 
Введите элементы матрицы (1000, 10000):


Транспанирование матрицы (распараллеливание).
Время выполнения: 0.08240 s
Введите размеры матрицы (m, n): 
Введите элементы матрицы (1000, 10000):


Транспанирование матрицы (распараллеливание).
Время выполнения: 0.08543 s
