Date = Пн мар 11 22:41:48 MSK 2024
Host = cn-030
WorkDir = /home/admitrakova

Number of Nodes Allocated = 1
Number of Tasks Allocated = 4
Numbers of Cores/Task Allocated = 1
Введите размеры матрицы (m, n): 
Введите элементы матрицы (1000, 10000):


Транспанирование матрицы (векторизация).
Время выполнения: 0.53159 s
Введите размеры матрицы (m, n): 
Введите элементы матрицы (1000, 10000):


Транспанирование матрицы (векторизация).
Время выполнения: 0.53654 s
Введите размеры матрицы (m, n): 
Введите элементы матрицы (1000, 10000):


Транспанирование матрицы (векторизация).
Время выполнения: 0.54334 s
Введите размеры матрицы (m, n): 
Введите элементы матрицы (1000, 10000):


Транспанирование матрицы (векторизация).
Время выполнения: 0.54943 s
