Date = Пн мар 11 22:41:42 MSK 2024
Host = cn-030
WorkDir = /home/admitrakova

Number of Nodes Allocated = 1
Number of Tasks Allocated = 4
Numbers of Cores/Task Allocated = 1
Введите размеры матрицы (m, n): 
Введите элементы матрицы (1000, 10000):


Транспанирование матрицы.
Время выполнения: 0.57100 s
Введите размеры матрицы (m, n): 
Введите элементы матрицы (1000, 10000):


Транспанирование матрицы.
Время выполнения: 0.59394 s
Введите размеры матрицы (m, n): 
Введите элементы матрицы (1000, 10000):


Транспанирование матрицы.
Время выполнения: 0.70700 s
Введите размеры матрицы (m, n): 
Введите элементы матрицы (1000, 10000):


Транспанирование матрицы.
Время выполнения: 0.73081 s
