Date = Пн мар 11 22:44:59 MSK 2024
Host = cn-030
WorkDir = /home/admitrakova

Number of Nodes Allocated = 1
Number of Tasks Allocated = 4
Numbers of Cores/Task Allocated = 1
Введите размеры матрицы (m, n): 
Введите элементы матрицы (1000, 10000):


Транспанирование матрицы (векторизация).
Время выполнения: 0.23491 s
Введите размеры матрицы (m, n): 
Введите элементы матрицы (1000, 10000):


Транспанирование матрицы (векторизация).
Время выполнения: 0.24716 s
Введите размеры матрицы (m, n): 
Введите элементы матрицы (1000, 10000):


Транспанирование матрицы (векторизация).
Время выполнения: 0.25003 s
Введите размеры матрицы (m, n): 
Введите элементы матрицы (1000, 10000):


Транспанирование матрицы (векторизация).
Время выполнения: 0.27859 s
