Date = Пн мар 11 22:41:53 MSK 2024
Host = cn-030
WorkDir = /home/admitrakova

Number of Nodes Allocated = 1
Number of Tasks Allocated = 4
Numbers of Cores/Task Allocated = 1
Введите размеры матрицы (m, n): 
Введите элементы матрицы (1000, 10000):


Транспанирование матрицы (распараллеливание).
Время выполнения: 0.35481 s
Введите размеры матрицы (m, n): 
Введите элементы матрицы (1000, 10000):


Транспанирование матрицы (распараллеливание).
Время выполнения: 0.35756 s
Введите размеры матрицы (m, n): 
Введите элементы матрицы (1000, 10000):


Транспанирование матрицы (распараллеливание).
Время выполнения: 0.36662 s
Введите размеры матрицы (m, n): 
Введите элементы матрицы (1000, 10000):


Транспанирование матрицы (распараллеливание).
Время выполнения: 0.40013 s
